2020-09-03 15:25:46,159 INFO [main] com.gsean.TUserServiceImplTest [StartupInfoLogger.java : 55] Starting TUserServiceImplTest on guochengdeMacBook-Pro.local with PID 1235 (started by guocheng in /Users/guocheng/IdeaProjects/springboot/sys_admin_backend/base-web)
2020-09-03 15:25:46,162 INFO [main] com.gsean.TUserServiceImplTest [SpringApplication.java : 655] The following profiles are active: local
2020-09-03 15:25:47,022 WARN [main] o.m.s.mapper.ClassPathMapperScanner [ClassPathMapperScanner.java : 166] No MyBatis mapper was found in '[com.gsean]' package. Please check your configuration.
2020-09-03 15:25:48,792 INFO [main] c.a.d.s.b.a.DruidDataSourceAutoConfigure [DruidDataSourceAutoConfigure.java : 56] Init DruidDataSource
2020-09-03 15:25:49,128 INFO [main] c.alibaba.druid.pool.DruidDataSource [DruidDataSource.java : 930] {dataSource-1} inited
2020-09-03 15:25:51,089 INFO [main] t.m.m.a.MapperCacheDisabler [MapperCacheDisabler.java : 60] Clear tk.mybatis.mapper.util.MsUtil CLASS_CACHE cache.
2020-09-03 15:25:51,090 INFO [main] t.m.m.a.MapperCacheDisabler [MapperCacheDisabler.java : 60] Clear tk.mybatis.mapper.genid.GenIdUtil CACHE cache.
2020-09-03 15:25:51,091 INFO [main] t.m.m.a.MapperCacheDisabler [MapperCacheDisabler.java : 60] Clear tk.mybatis.mapper.version.VersionUtil CACHE cache.
2020-09-03 15:25:51,091 INFO [main] t.m.m.a.MapperCacheDisabler [MapperCacheDisabler.java : 83] Clear EntityHelper entityTableMap cache.
2020-09-03 15:25:54,280 INFO [main] com.gsean.TUserServiceImplTest [StartupInfoLogger.java : 61] Started TUserServiceImplTest in 29.109 seconds (JVM running for 30.098)
2020-09-03 15:25:54,571 INFO [SpringContextShutdownHook] c.alibaba.druid.pool.DruidDataSource [DruidDataSource.java : 1825] {dataSource-1} closed
2020-09-03 15:27:44,226 INFO [main] com.gsean.TUserServiceImplTest [StartupInfoLogger.java : 55] Starting TUserServiceImplTest on guochengdeMacBook-Pro.local with PID 1241 (started by guocheng in /Users/guocheng/IdeaProjects/springboot/sys_admin_backend/base-web)
2020-09-03 15:27:44,230 INFO [main] com.gsean.TUserServiceImplTest [SpringApplication.java : 655] The following profiles are active: local
2020-09-03 15:27:45,008 WARN [main] o.m.s.mapper.ClassPathMapperScanner [ClassPathMapperScanner.java : 166] No MyBatis mapper was found in '[com.gsean]' package. Please check your configuration.
2020-09-03 15:27:46,606 INFO [main] c.a.d.s.b.a.DruidDataSourceAutoConfigure [DruidDataSourceAutoConfigure.java : 56] Init DruidDataSource
2020-09-03 15:27:46,906 INFO [main] c.alibaba.druid.pool.DruidDataSource [DruidDataSource.java : 930] {dataSource-1} inited
2020-09-03 15:27:48,855 INFO [main] t.m.m.a.MapperCacheDisabler [MapperCacheDisabler.java : 60] Clear tk.mybatis.mapper.util.MsUtil CLASS_CACHE cache.
2020-09-03 15:27:48,856 INFO [main] t.m.m.a.MapperCacheDisabler [MapperCacheDisabler.java : 60] Clear tk.mybatis.mapper.genid.GenIdUtil CACHE cache.
2020-09-03 15:27:48,857 INFO [main] t.m.m.a.MapperCacheDisabler [MapperCacheDisabler.java : 60] Clear tk.mybatis.mapper.version.VersionUtil CACHE cache.
2020-09-03 15:27:48,858 INFO [main] t.m.m.a.MapperCacheDisabler [MapperCacheDisabler.java : 83] Clear EntityHelper entityTableMap cache.
2020-09-03 15:27:52,125 INFO [main] com.gsean.TUserServiceImplTest [StartupInfoLogger.java : 61] Started TUserServiceImplTest in 28.729 seconds (JVM running for 29.677)
2020-09-03 15:27:52,426 INFO [SpringContextShutdownHook] c.alibaba.druid.pool.DruidDataSource [DruidDataSource.java : 1825] {dataSource-1} closed
2020-09-03 15:29:42,696 INFO [main] com.gsean.TUserServiceImplTest [StartupInfoLogger.java : 55] Starting TUserServiceImplTest on guochengdeMacBook-Pro.local with PID 1245 (started by guocheng in /Users/guocheng/IdeaProjects/springboot/sys_admin_backend/base-web)
2020-09-03 15:29:42,699 INFO [main] com.gsean.TUserServiceImplTest [SpringApplication.java : 655] The following profiles are active: local
2020-09-03 15:29:43,564 WARN [main] o.m.s.mapper.ClassPathMapperScanner [ClassPathMapperScanner.java : 166] No MyBatis mapper was found in '[com.gsean]' package. Please check your configuration.
2020-09-03 15:29:45,308 INFO [main] c.a.d.s.b.a.DruidDataSourceAutoConfigure [DruidDataSourceAutoConfigure.java : 56] Init DruidDataSource
2020-09-03 15:29:45,639 INFO [main] c.alibaba.druid.pool.DruidDataSource [DruidDataSource.java : 930] {dataSource-1} inited
2020-09-03 15:29:47,659 INFO [main] t.m.m.a.MapperCacheDisabler [MapperCacheDisabler.java : 60] Clear tk.mybatis.mapper.util.MsUtil CLASS_CACHE cache.
2020-09-03 15:29:47,660 INFO [main] t.m.m.a.MapperCacheDisabler [MapperCacheDisabler.java : 60] Clear tk.mybatis.mapper.genid.GenIdUtil CACHE cache.
2020-09-03 15:29:47,661 INFO [main] t.m.m.a.MapperCacheDisabler [MapperCacheDisabler.java : 60] Clear tk.mybatis.mapper.version.VersionUtil CACHE cache.
2020-09-03 15:29:47,661 INFO [main] t.m.m.a.MapperCacheDisabler [MapperCacheDisabler.java : 83] Clear EntityHelper entityTableMap cache.
2020-09-03 15:29:50,968 INFO [main] com.gsean.TUserServiceImplTest [StartupInfoLogger.java : 61] Started TUserServiceImplTest in 29.224 seconds (JVM running for 30.129)
2020-09-03 15:29:51,266 DEBUG [main] com.gsean.dao.TUserMapper.insert [BaseJdbcLogger.java : 159] ==>  Preparing: INSERT INTO `t_user` ( `id`,`name`,`email`,`password`,`is_deleted`,`create_time`,`modify_time` ) VALUES( ?,?,?,?,?,?,? ) 
2020-09-03 15:29:51,293 DEBUG [main] com.gsean.dao.TUserMapper.insert [BaseJdbcLogger.java : 159] ==> Parameters: null, guo(String), sdfsdf(String), null, null, null, null
2020-09-03 15:29:51,392 INFO [SpringContextShutdownHook] c.alibaba.druid.pool.DruidDataSource [DruidDataSource.java : 1825] {dataSource-1} closed
2020-09-03 15:30:33,390 INFO [main] com.gsean.TUserServiceImplTest [StartupInfoLogger.java : 55] Starting TUserServiceImplTest on guochengdeMacBook-Pro.local with PID 1248 (started by guocheng in /Users/guocheng/IdeaProjects/springboot/sys_admin_backend/base-web)
2020-09-03 15:30:33,393 INFO [main] com.gsean.TUserServiceImplTest [SpringApplication.java : 655] The following profiles are active: local
2020-09-03 15:30:34,097 WARN [main] o.m.s.mapper.ClassPathMapperScanner [ClassPathMapperScanner.java : 166] No MyBatis mapper was found in '[com.gsean]' package. Please check your configuration.
2020-09-03 15:30:35,612 INFO [main] c.a.d.s.b.a.DruidDataSourceAutoConfigure [DruidDataSourceAutoConfigure.java : 56] Init DruidDataSource
2020-09-03 15:30:35,940 INFO [main] c.alibaba.druid.pool.DruidDataSource [DruidDataSource.java : 930] {dataSource-1} inited
2020-09-03 15:30:37,807 INFO [main] t.m.m.a.MapperCacheDisabler [MapperCacheDisabler.java : 60] Clear tk.mybatis.mapper.util.MsUtil CLASS_CACHE cache.
2020-09-03 15:30:37,808 INFO [main] t.m.m.a.MapperCacheDisabler [MapperCacheDisabler.java : 60] Clear tk.mybatis.mapper.genid.GenIdUtil CACHE cache.
2020-09-03 15:30:37,809 INFO [main] t.m.m.a.MapperCacheDisabler [MapperCacheDisabler.java : 60] Clear tk.mybatis.mapper.version.VersionUtil CACHE cache.
2020-09-03 15:30:37,809 INFO [main] t.m.m.a.MapperCacheDisabler [MapperCacheDisabler.java : 83] Clear EntityHelper entityTableMap cache.
2020-09-03 15:30:40,812 INFO [main] com.gsean.TUserServiceImplTest [StartupInfoLogger.java : 61] Started TUserServiceImplTest in 28.319 seconds (JVM running for 29.195)
2020-09-03 15:30:41,106 DEBUG [main] com.gsean.dao.TUserMapper.insert [BaseJdbcLogger.java : 159] ==>  Preparing: INSERT INTO `t_user` ( `id`,`name`,`email`,`password`,`is_deleted`,`create_time`,`modify_time` ) VALUES( ?,?,?,?,?,?,? ) 
2020-09-03 15:30:41,130 DEBUG [main] com.gsean.dao.TUserMapper.insert [BaseJdbcLogger.java : 159] ==> Parameters: null, guo(String), sdfsdf(String), 3423(String), null, null, null
2020-09-03 15:30:41,134 DEBUG [main] com.gsean.dao.TUserMapper.insert [BaseJdbcLogger.java : 159] <==    Updates: 1
2020-09-03 15:30:41,155 INFO [SpringContextShutdownHook] c.alibaba.druid.pool.DruidDataSource [DruidDataSource.java : 1825] {dataSource-1} closed
2020-09-03 15:31:55,956 INFO [main] com.gsean.TUserServiceImplTest [StartupInfoLogger.java : 55] Starting TUserServiceImplTest on guochengdeMacBook-Pro.local with PID 1255 (started by guocheng in /Users/guocheng/IdeaProjects/springboot/sys_admin_backend/base-web)
2020-09-03 15:31:55,960 INFO [main] com.gsean.TUserServiceImplTest [SpringApplication.java : 655] The following profiles are active: local
2020-09-03 15:31:56,851 WARN [main] o.m.s.mapper.ClassPathMapperScanner [ClassPathMapperScanner.java : 166] No MyBatis mapper was found in '[com.gsean]' package. Please check your configuration.
2020-09-03 15:31:58,575 INFO [main] c.a.d.s.b.a.DruidDataSourceAutoConfigure [DruidDataSourceAutoConfigure.java : 56] Init DruidDataSource
2020-09-03 15:31:58,887 INFO [main] c.alibaba.druid.pool.DruidDataSource [DruidDataSource.java : 930] {dataSource-1} inited
2020-09-03 15:32:00,847 INFO [main] t.m.m.a.MapperCacheDisabler [MapperCacheDisabler.java : 60] Clear tk.mybatis.mapper.util.MsUtil CLASS_CACHE cache.
2020-09-03 15:32:00,848 INFO [main] t.m.m.a.MapperCacheDisabler [MapperCacheDisabler.java : 60] Clear tk.mybatis.mapper.genid.GenIdUtil CACHE cache.
2020-09-03 15:32:00,849 INFO [main] t.m.m.a.MapperCacheDisabler [MapperCacheDisabler.java : 60] Clear tk.mybatis.mapper.version.VersionUtil CACHE cache.
2020-09-03 15:32:00,850 INFO [main] t.m.m.a.MapperCacheDisabler [MapperCacheDisabler.java : 83] Clear EntityHelper entityTableMap cache.
2020-09-03 15:32:03,895 INFO [main] com.gsean.TUserServiceImplTest [StartupInfoLogger.java : 61] Started TUserServiceImplTest in 28.68 seconds (JVM running for 29.553)
2020-09-03 15:32:04,284 DEBUG [main] c.g.d.T.selectUserPermission [BaseJdbcLogger.java : 159] ==>  Preparing: SELECT t_user.id,t_user.`name`,role.id role_id,role.`name` role_name, permission.id permission_id,permission.`name` permission_name,permission.en_name,url FROM t_user LEFT JOIN user_role ON t_user.id=user_role.id LEFT JOIN role ON user_role.role_id=role.id LEFT JOIN role_permission ON role.id=role_permission.role_id LEFT JOIN permission ON role_permission.permission_id=permission.id WHERE t_user.is_deleted=false where t_user.`name`=? and t_user.`is_deleted`=? 
2020-09-03 15:32:04,316 DEBUG [main] c.g.d.T.selectUserPermission [BaseJdbcLogger.java : 159] ==> Parameters: gsean(String), false(Boolean)
2020-09-03 15:32:04,416 INFO [SpringContextShutdownHook] c.alibaba.druid.pool.DruidDataSource [DruidDataSource.java : 1825] {dataSource-1} closed
2020-09-03 15:33:15,994 INFO [main] com.gsean.TUserServiceImplTest [StartupInfoLogger.java : 55] Starting TUserServiceImplTest on guochengdeMacBook-Pro.local with PID 1257 (started by guocheng in /Users/guocheng/IdeaProjects/springboot/sys_admin_backend/base-web)
2020-09-03 15:33:15,997 INFO [main] com.gsean.TUserServiceImplTest [SpringApplication.java : 655] The following profiles are active: local
2020-09-03 15:33:16,712 WARN [main] o.m.s.mapper.ClassPathMapperScanner [ClassPathMapperScanner.java : 166] No MyBatis mapper was found in '[com.gsean]' package. Please check your configuration.
2020-09-03 15:33:18,432 INFO [main] c.a.d.s.b.a.DruidDataSourceAutoConfigure [DruidDataSourceAutoConfigure.java : 56] Init DruidDataSource
2020-09-03 15:33:18,771 INFO [main] c.alibaba.druid.pool.DruidDataSource [DruidDataSource.java : 930] {dataSource-1} inited
2020-09-03 15:33:20,717 INFO [main] t.m.m.a.MapperCacheDisabler [MapperCacheDisabler.java : 60] Clear tk.mybatis.mapper.util.MsUtil CLASS_CACHE cache.
2020-09-03 15:33:20,718 INFO [main] t.m.m.a.MapperCacheDisabler [MapperCacheDisabler.java : 60] Clear tk.mybatis.mapper.genid.GenIdUtil CACHE cache.
2020-09-03 15:33:20,719 INFO [main] t.m.m.a.MapperCacheDisabler [MapperCacheDisabler.java : 60] Clear tk.mybatis.mapper.version.VersionUtil CACHE cache.
2020-09-03 15:33:20,719 INFO [main] t.m.m.a.MapperCacheDisabler [MapperCacheDisabler.java : 83] Clear EntityHelper entityTableMap cache.
2020-09-03 15:33:23,835 INFO [main] com.gsean.TUserServiceImplTest [StartupInfoLogger.java : 61] Started TUserServiceImplTest in 28.716 seconds (JVM running for 29.527)
2020-09-03 15:33:24,146 DEBUG [main] c.g.d.T.selectUserPermission [BaseJdbcLogger.java : 159] ==>  Preparing: SELECT t_user.id,t_user.`name`,role.id role_id,role.`name` role_name, permission.id permission_id,permission.`name` permission_name,permission.en_name,url FROM t_user LEFT JOIN user_role ON t_user.id=user_role.id LEFT JOIN role ON user_role.role_id=role.id LEFT JOIN role_permission ON role.id=role_permission.role_id LEFT JOIN permission ON role_permission.permission_id=permission.id where t_user.`name`=? and t_user.`is_deleted`=? 
2020-09-03 15:33:24,170 DEBUG [main] c.g.d.T.selectUserPermission [BaseJdbcLogger.java : 159] ==> Parameters: gsean(String), false(Boolean)
2020-09-03 15:33:24,202 DEBUG [main] c.g.d.T.selectUserPermission [BaseJdbcLogger.java : 159] <==      Total: 3
2020-09-03 15:33:24,315 INFO [SpringContextShutdownHook] c.alibaba.druid.pool.DruidDataSource [DruidDataSource.java : 1825] {dataSource-1} closed
2020-09-03 15:34:03,899 INFO [main] com.gsean.TUserServiceImplTest [StartupInfoLogger.java : 55] Starting TUserServiceImplTest on guochengdeMacBook-Pro.local with PID 1259 (started by guocheng in /Users/guocheng/IdeaProjects/springboot/sys_admin_backend/base-web)
2020-09-03 15:34:03,902 INFO [main] com.gsean.TUserServiceImplTest [SpringApplication.java : 655] The following profiles are active: local
2020-09-03 15:34:04,613 WARN [main] o.m.s.mapper.ClassPathMapperScanner [ClassPathMapperScanner.java : 166] No MyBatis mapper was found in '[com.gsean]' package. Please check your configuration.
2020-09-03 15:34:06,098 INFO [main] c.a.d.s.b.a.DruidDataSourceAutoConfigure [DruidDataSourceAutoConfigure.java : 56] Init DruidDataSource
2020-09-03 15:34:06,401 INFO [main] c.alibaba.druid.pool.DruidDataSource [DruidDataSource.java : 930] {dataSource-1} inited
2020-09-03 15:34:08,338 INFO [main] t.m.m.a.MapperCacheDisabler [MapperCacheDisabler.java : 60] Clear tk.mybatis.mapper.util.MsUtil CLASS_CACHE cache.
2020-09-03 15:34:08,339 INFO [main] t.m.m.a.MapperCacheDisabler [MapperCacheDisabler.java : 60] Clear tk.mybatis.mapper.genid.GenIdUtil CACHE cache.
2020-09-03 15:34:08,340 INFO [main] t.m.m.a.MapperCacheDisabler [MapperCacheDisabler.java : 60] Clear tk.mybatis.mapper.version.VersionUtil CACHE cache.
2020-09-03 15:34:08,341 INFO [main] t.m.m.a.MapperCacheDisabler [MapperCacheDisabler.java : 83] Clear EntityHelper entityTableMap cache.
2020-09-03 15:34:11,277 INFO [main] com.gsean.TUserServiceImplTest [StartupInfoLogger.java : 61] Started TUserServiceImplTest in 28.181 seconds (JVM running for 29.048)
2020-09-03 15:34:11,560 DEBUG [main] c.g.d.T.selectUserPermission [BaseJdbcLogger.java : 159] ==>  Preparing: SELECT t_user.id,t_user.`name`,role.id role_id,role.`name` role_name, permission.id permission_id,permission.`name` permission_name,permission.en_name,url FROM t_user LEFT JOIN user_role ON t_user.id=user_role.id LEFT JOIN role ON user_role.role_id=role.id LEFT JOIN role_permission ON role.id=role_permission.role_id LEFT JOIN permission ON role_permission.permission_id=permission.id where t_user.`name`=? and t_user.`is_deleted`=? 
2020-09-03 15:34:11,597 DEBUG [main] c.g.d.T.selectUserPermission [BaseJdbcLogger.java : 159] ==> Parameters: gsean(String), false(Boolean)
2020-09-03 15:34:11,611 DEBUG [main] c.g.d.T.selectUserPermission [BaseJdbcLogger.java : 159] <==      Total: 3
2020-09-03 15:34:11,704 INFO [SpringContextShutdownHook] c.alibaba.druid.pool.DruidDataSource [DruidDataSource.java : 1825] {dataSource-1} closed
2020-09-03 15:49:45,051 INFO [main] com.gsean.TUserServiceImplTest [StartupInfoLogger.java : 55] Starting TUserServiceImplTest on guochengdeMacBook-Pro.local with PID 1359 (started by guocheng in /Users/guocheng/IdeaProjects/springboot/sys_admin_backend/base-web)
2020-09-03 15:49:45,055 INFO [main] com.gsean.TUserServiceImplTest [SpringApplication.java : 655] The following profiles are active: local
2020-09-03 15:49:45,914 WARN [main] o.m.s.mapper.ClassPathMapperScanner [ClassPathMapperScanner.java : 166] No MyBatis mapper was found in '[com.gsean]' package. Please check your configuration.
2020-09-03 15:49:46,708 INFO [main] c.a.d.s.b.a.DruidDataSourceAutoConfigure [DruidDataSourceAutoConfigure.java : 56] Init DruidDataSource
2020-09-03 15:49:46,908 INFO [main] c.alibaba.druid.pool.DruidDataSource [DruidDataSource.java : 930] {dataSource-1} inited
2020-09-03 15:49:50,029 INFO [main] t.m.m.a.MapperCacheDisabler [MapperCacheDisabler.java : 60] Clear tk.mybatis.mapper.util.MsUtil CLASS_CACHE cache.
2020-09-03 15:49:50,030 INFO [main] t.m.m.a.MapperCacheDisabler [MapperCacheDisabler.java : 60] Clear tk.mybatis.mapper.genid.GenIdUtil CACHE cache.
2020-09-03 15:49:50,031 INFO [main] t.m.m.a.MapperCacheDisabler [MapperCacheDisabler.java : 60] Clear tk.mybatis.mapper.version.VersionUtil CACHE cache.
2020-09-03 15:49:50,032 INFO [main] t.m.m.a.MapperCacheDisabler [MapperCacheDisabler.java : 83] Clear EntityHelper entityTableMap cache.
2020-09-03 15:49:53,569 INFO [main] com.gsean.TUserServiceImplTest [StartupInfoLogger.java : 61] Started TUserServiceImplTest in 29.294 seconds (JVM running for 30.17)
2020-09-03 15:49:53,970 DEBUG [main] c.g.d.T.selectUserPermission [BaseJdbcLogger.java : 159] ==>  Preparing: SELECT t_user.id,t_user.`name`,role.id role_id,role.`name` role_name, permission.id permission_id,permission.`name` permission_name,permission.en_name,url FROM t_user LEFT JOIN user_role ON t_user.id=user_role.id LEFT JOIN role ON user_role.role_id=role.id LEFT JOIN role_permission ON role.id=role_permission.role_id LEFT JOIN permission ON role_permission.permission_id=permission.id where t_user.`name`=? and t_user.`is_deleted`=? 
2020-09-03 15:49:54,003 DEBUG [main] c.g.d.T.selectUserPermission [BaseJdbcLogger.java : 159] ==> Parameters: gsean(String), false(Boolean)
2020-09-03 15:49:54,021 DEBUG [main] c.g.d.T.selectUserPermission [BaseJdbcLogger.java : 159] <==      Total: 5
2020-09-03 15:49:54,196 INFO [SpringContextShutdownHook] c.alibaba.druid.pool.DruidDataSource [DruidDataSource.java : 1825] {dataSource-1} closed
